{"level":"INFO","message":"[11:06:13.849 PM]: Creating new connection object"}
{"level":"INFO","message":"[11:06:13.857 PM]: Creating Connection[id: 12418315-02b0-4f31-8148-c930e28b98bb] with host: ROYZUEZ-GO48542.snowflakecomputing.com, account: ROYZUEZ-GO48542, accessUrl: https://ROYZUEZ-GO48542.snowflakecomputing.com, user: youssefelsokkary, role: undefined, database: TRADE_SHIELD, schema: CORE, warehouse: HACKATHON_WH, proxy was not configured, password is provided, region: undefined, authenticator: SNOWFLAKE, ocsp mode: FAIL_OPEN, os: win32, os version: 10.0.26200"}
{"level":"INFO","message":"[11:06:13.857 PM]: Connection[id: 12418315-02b0-4f31-8148-c930e28b98bb] additional details: passcode in password is provided, passcode is not provided, private key is not provided, application: undefined, client name: snowflake-sdk, client version: 2.3.3, retry timeout: 300, private key path: undefined, private key pass is not provided, client store temporary credential: false, browser response timeout: 120000"}
{"level":"INFO","message":"[11:06:13.858 PM]: Connection[id: 12418315-02b0-4f31-8148-c930e28b98bb] - connection object created successfully."}
{"level":"INFO","message":"[11:06:13.858 PM]: Connection[id: 12418315-02b0-4f31-8148-c930e28b98bb] - connecting. Associated Snowflake domain: GLOBAL"}
{"level":"INFO","message":"[11:06:13.859 PM]: Connection[id: 12418315-02b0-4f31-8148-c930e28b98bb] - authentication successful using: SNOWFLAKE"}
{"level":"INFO","message":"[11:06:13.859 PM]: Trying to initialize Easy Logging"}
{"level":"INFO","message":"[11:06:13.860 PM]: No client config detected."}
{"level":"INFO","message":"[11:06:13.861 PM]: No config file path found. Client config will not be used."}
{"level":"INFO","message":"[11:06:13.861 PM]: Easy Logging is disabled as no config has been found"}
{"level":"INFO","message":"[11:06:18.531 PM]: Connection[id: 12418315-02b0-4f31-8148-c930e28b98bb] - connection established successfully after 4673.19 milliseconds"}
{"level":"INFO","message":"[11:08:46.975 PM]: Creating new connection object"}
{"level":"INFO","message":"[11:08:46.976 PM]: Creating Connection[id: ce8a9ca2-36a4-4853-833b-ed4c9011b150] with host: ROYZUEZ-GO48542.snowflakecomputing.com, account: ROYZUEZ-GO48542, accessUrl: https://ROYZUEZ-GO48542.snowflakecomputing.com, user: youssefelsokkary, role: undefined, database: TRADE_SHIELD, schema: CORE, warehouse: HACKATHON_WH, proxy was not configured, password is provided, region: undefined, authenticator: SNOWFLAKE, ocsp mode: FAIL_OPEN, os: win32, os version: 10.0.26200"}
{"level":"INFO","message":"[11:08:46.977 PM]: Connection[id: ce8a9ca2-36a4-4853-833b-ed4c9011b150] additional details: passcode in password is provided, passcode is not provided, private key is not provided, application: undefined, client name: snowflake-sdk, client version: 2.3.3, retry timeout: 300, private key path: undefined, private key pass is not provided, client store temporary credential: false, browser response timeout: 120000"}
{"level":"INFO","message":"[11:08:46.977 PM]: Connection[id: ce8a9ca2-36a4-4853-833b-ed4c9011b150] - connection object created successfully."}
{"level":"INFO","message":"[11:08:46.977 PM]: Connection[id: ce8a9ca2-36a4-4853-833b-ed4c9011b150] - connecting. Associated Snowflake domain: GLOBAL"}
{"level":"INFO","message":"[11:08:46.977 PM]: Connection[id: ce8a9ca2-36a4-4853-833b-ed4c9011b150] - authentication successful using: SNOWFLAKE"}
{"level":"INFO","message":"[11:08:48.144 PM]: Connection[id: ce8a9ca2-36a4-4853-833b-ed4c9011b150] - connection established successfully after 1167.29 milliseconds"}
{"level":"INFO","message":"[11:09:26.602 PM]: Creating new connection object"}
{"level":"INFO","message":"[11:09:26.603 PM]: Creating Connection[id: a475aebd-1c2c-47a8-96f5-4942068f9bff] with host: ROYZUEZ-GO48542.snowflakecomputing.com, account: ROYZUEZ-GO48542, accessUrl: https://ROYZUEZ-GO48542.snowflakecomputing.com, user: youssefelsokkary, role: undefined, database: TRADE_SHIELD, schema: CORE, warehouse: HACKATHON_WH, proxy was not configured, password is provided, region: undefined, authenticator: SNOWFLAKE, ocsp mode: FAIL_OPEN, os: win32, os version: 10.0.26200"}
{"level":"INFO","message":"[11:09:26.603 PM]: Connection[id: a475aebd-1c2c-47a8-96f5-4942068f9bff] additional details: passcode in password is provided, passcode is not provided, private key is not provided, application: undefined, client name: snowflake-sdk, client version: 2.3.3, retry timeout: 300, private key path: undefined, private key pass is not provided, client store temporary credential: false, browser response timeout: 120000"}
{"level":"INFO","message":"[11:09:26.603 PM]: Connection[id: a475aebd-1c2c-47a8-96f5-4942068f9bff] - connection object created successfully."}
{"level":"INFO","message":"[11:09:26.604 PM]: Connection[id: a475aebd-1c2c-47a8-96f5-4942068f9bff] - connecting. Associated Snowflake domain: GLOBAL"}
{"level":"INFO","message":"[11:09:26.604 PM]: Connection[id: a475aebd-1c2c-47a8-96f5-4942068f9bff] - authentication successful using: SNOWFLAKE"}
{"level":"INFO","message":"[11:09:27.801 PM]: Connection[id: a475aebd-1c2c-47a8-96f5-4942068f9bff] - connection established successfully after 1197.28 milliseconds"}
{"level":"INFO","message":"[11:11:46.685 PM]: Creating new connection object"}
{"level":"INFO","message":"[11:11:46.686 PM]: Creating Connection[id: 1cafa606-75d8-4345-bdc1-ce018e8bbd45] with host: ROYZUEZ-GO48542.snowflakecomputing.com, account: ROYZUEZ-GO48542, accessUrl: https://ROYZUEZ-GO48542.snowflakecomputing.com, user: youssefelsokkary, role: undefined, database: TRADE_SHIELD, schema: CORE, warehouse: HACKATHON_WH, proxy was not configured, password is provided, region: undefined, authenticator: SNOWFLAKE, ocsp mode: FAIL_OPEN, os: win32, os version: 10.0.26200"}
{"level":"INFO","message":"[11:11:46.687 PM]: Connection[id: 1cafa606-75d8-4345-bdc1-ce018e8bbd45] additional details: passcode in password is provided, passcode is not provided, private key is not provided, application: undefined, client name: snowflake-sdk, client version: 2.3.3, retry timeout: 300, private key path: undefined, private key pass is not provided, client store temporary credential: false, browser response timeout: 120000"}
{"level":"INFO","message":"[11:11:46.687 PM]: Connection[id: 1cafa606-75d8-4345-bdc1-ce018e8bbd45] - connection object created successfully."}
{"level":"INFO","message":"[11:11:46.687 PM]: Connection[id: 1cafa606-75d8-4345-bdc1-ce018e8bbd45] - connecting. Associated Snowflake domain: GLOBAL"}
{"level":"INFO","message":"[11:11:46.687 PM]: Connection[id: 1cafa606-75d8-4345-bdc1-ce018e8bbd45] - authentication successful using: SNOWFLAKE"}
{"level":"INFO","message":"[11:11:47.580 PM]: Connection[id: 1cafa606-75d8-4345-bdc1-ce018e8bbd45] - connection established successfully after 892.74 milliseconds"}
{"level":"INFO","message":"[11:13:33.723 PM]: Creating new connection object"}
{"level":"INFO","message":"[11:13:33.724 PM]: Creating Connection[id: 3b72c71d-6a16-413d-87dd-f91bbb89baa3] with host: ROYZUEZ-GO48542.snowflakecomputing.com, account: ROYZUEZ-GO48542, accessUrl: https://ROYZUEZ-GO48542.snowflakecomputing.com, user: youssefelsokkary, role: undefined, database: TRADE_SHIELD, schema: CORE, warehouse: HACKATHON_WH, proxy was not configured, password is provided, region: undefined, authenticator: SNOWFLAKE, ocsp mode: FAIL_OPEN, os: win32, os version: 10.0.26200"}
{"level":"INFO","message":"[11:13:33.724 PM]: Connection[id: 3b72c71d-6a16-413d-87dd-f91bbb89baa3] additional details: passcode in password is provided, passcode is not provided, private key is not provided, application: undefined, client name: snowflake-sdk, client version: 2.3.3, retry timeout: 300, private key path: undefined, private key pass is not provided, client store temporary credential: false, browser response timeout: 120000"}
{"level":"INFO","message":"[11:13:33.724 PM]: Connection[id: 3b72c71d-6a16-413d-87dd-f91bbb89baa3] - connection object created successfully."}
{"level":"INFO","message":"[11:13:33.725 PM]: Connection[id: 3b72c71d-6a16-413d-87dd-f91bbb89baa3] - connecting. Associated Snowflake domain: GLOBAL"}
{"level":"INFO","message":"[11:13:33.725 PM]: Connection[id: 3b72c71d-6a16-413d-87dd-f91bbb89baa3] - authentication successful using: SNOWFLAKE"}
{"level":"INFO","message":"[11:13:34.454 PM]: Connection[id: 3b72c71d-6a16-413d-87dd-f91bbb89baa3] - connection established successfully after 729.65 milliseconds"}
{"level":"INFO","message":"[11:15:11.940 PM]: Creating new connection object"}
{"level":"INFO","message":"[11:15:11.941 PM]: Creating Connection[id: 9e41468e-b834-49ce-b09a-a580ac63547e] with host: ROYZUEZ-GO48542.snowflakecomputing.com, account: ROYZUEZ-GO48542, accessUrl: https://ROYZUEZ-GO48542.snowflakecomputing.com, user: youssefelsokkary, role: undefined, database: TRADE_SHIELD, schema: CORE, warehouse: HACKATHON_WH, proxy was not configured, password is provided, region: undefined, authenticator: SNOWFLAKE, ocsp mode: FAIL_OPEN, os: win32, os version: 10.0.26200"}
{"level":"INFO","message":"[11:15:11.941 PM]: Connection[id: 9e41468e-b834-49ce-b09a-a580ac63547e] additional details: passcode in password is provided, passcode is not provided, private key is not provided, application: undefined, client name: snowflake-sdk, client version: 2.3.3, retry timeout: 300, private key path: undefined, private key pass is not provided, client store temporary credential: false, browser response timeout: 120000"}
{"level":"INFO","message":"[11:15:11.941 PM]: Connection[id: 9e41468e-b834-49ce-b09a-a580ac63547e] - connection object created successfully."}
{"level":"INFO","message":"[11:15:11.941 PM]: Connection[id: 9e41468e-b834-49ce-b09a-a580ac63547e] - connecting. Associated Snowflake domain: GLOBAL"}
{"level":"INFO","message":"[11:15:11.942 PM]: Connection[id: 9e41468e-b834-49ce-b09a-a580ac63547e] - authentication successful using: SNOWFLAKE"}
{"level":"INFO","message":"[11:15:12.763 PM]: Connection[id: 9e41468e-b834-49ce-b09a-a580ac63547e] - connection established successfully after 821.35 milliseconds"}
